<?xml version="1.0" encoding="utf-8"?><testsuites name="pytest tests"><testsuite name="pytest" errors="0" failures="0" skipped="0" tests="22" time="7.759" timestamp="2026-09-24T10:57:41.246508+00:00" hostname="agent-env-2b9d1900-aca5-4154-a768-64b147d02b9d"><testcase classname="tests.backend_test.TestAuth" name="test_login_success" time="0.475" /><testcase classname="tests.backend_test.TestAuth" name="test_login_bad_password" time="0.506" /><testcase classname="tests.backend_test.TestSettings" name="test_get_settings_defaults" time="0.985" /><testcase classname="tests.backend_test.TestAuth" name="test_me_with_bearer" time="0.115" /><testcase classname="tests.backend_test.TestSettings" name="test_update_company" time="0.427" /><testcase classname="tests.backend_test.TestAuth" name="test_me_no_auth_401" time="0.119" /><testcase classname="tests.backend_test.TestAuth" name="test_session_missing_header" time="0.115" /><testcase classname="tests.backend_test.TestAuth" name="test_session_invalid_id" time="0.213" /><testcase classname="tests.backend_test.TestSettings" name="test_logo_upload_and_delete" time="0.500" /><testcase classname="tests.backend_test.TestStudents" name="test_create_and_persist" time="0.296" /><testcase classname="tests.backend_test.TestStudents" name="test_no_urut_increments" time="0.231" /><testcase classname="tests.backend_test.TestSettings" name="test_logo_too_large_rejected" time="0.527" /><testcase classname="tests.backend_test.TestStudents" name="test_update_student" time="0.260" /><testcase classname="tests.backend_test.TestDashboard" name="test_stats_fields" time="0.150" /><testcase classname="tests.backend_test.TestAllocations" name="test_auto_invoice_format" time="0.385" /><testcase classname="tests.backend_test.TestDashboard" name="test_revenue_monthly" time="0.155" /><testcase classname="tests.backend_test.TestAllocationTotalFormula" name="test_total_formula_in_dashboard" time="0.739" /><testcase classname="tests.backend_test.TestAllocations" name="test_toggle_paid" time="0.481" /><testcase classname="tests.backend_test.TestTeachers" name="test_teacher_crud" time="0.412" /><testcase classname="tests.backend_test.TestAllocationTotalFormula" name="test_pertemuan_not_multiplied" time="1.047" /><testcase classname="tests.backend_test.TestCascade" name="test_student_delete_cascades_allocations_and_schedules" time="2.491" /><testcase classname="tests.backend_test.TestSchedules" name="test_schedule_create_and_saturday_rejected" time="2.793" /></testsuite></testsuites>