<?xml version="1.0" encoding="utf-8"?><testsuites name="pytest tests"><testsuite name="pytest" errors="0" failures="0" skipped="0" tests="21" time="11.113" timestamp="2026-09-25T10:24:08.295053+00:00" hostname="agent-env-689118c5-21d6-41c7-8dea-d21196a9caf4"><testcase classname="tests.backend_test" name="test_login_invalid" time="0.411" /><testcase classname="tests.backend_test" name="test_students_requires_auth" time="0.259" /><testcase classname="tests.test_security_and_features" name="test_login_returns_backup_email_field" time="0.837" /><testcase classname="tests.test_security_and_features" name="test_google_session_endpoint_removed" time="0.225" /><testcase classname="tests.test_security_and_features" name="test_lockout_after_5_failed_attempts" time="0.905" /><testcase classname="tests.backend_test" name="test_me" time="0.509" /><testcase classname="tests.backend_test" name="test_students_crud" time="0.296" /><testcase classname="tests.backend_test" name="test_teachers_crud" time="0.195" /><testcase classname="tests.backend_test" name="test_allocations_invoice_and_payment" time="0.960" /><testcase classname="tests.test_security_and_features" name="test_backup_email_wrong_password_401" time="0.335" /><testcase classname="tests.test_security_and_features" name="test_backup_email_set_correct" time="0.429" /><testcase classname="tests.backend_test" name="test_schedule_crud" time="0.912" /><testcase classname="tests.test_security_and_features" name="test_request_otp_and_rate_limit" time="1.178" /><testcase classname="tests.backend_test" name="test_dashboard_stats" time="0.070" /><testcase classname="tests.backend_test" name="test_dashboard_revenue" time="0.062" /><testcase classname="tests.backend_test" name="test_settings" time="0.233" /><testcase classname="tests.test_security_and_features" name="test_change_password_weak_rejected" time="0.504" /><testcase classname="tests.test_security_and_features" name="test_change_password_wrong_otp" time="0.732" /><testcase classname="tests.test_security_and_features" name="test_change_password_happy_and_restore" time="2.893" /><testcase classname="tests.test_security_and_features" name="test_teacher_slots_persist" time="0.576" /><testcase classname="tests.test_security_and_features" name="test_schedule_validation_and_all_days" time="1.497" /></testsuite></testsuites>