<?xml version="1.0" encoding="utf-8"?><testsuites name="pytest tests"><testsuite name="pytest" errors="0" failures="0" skipped="0" tests="11" time="10.063" timestamp="2026-09-25T07:34:31.796695+00:00" hostname="agent-env-689118c5-21d6-41c7-8dea-d21196a9caf4"><testcase classname="tests.test_security_and_features" name="test_login_returns_backup_email_field" time="0.547" /><testcase classname="tests.test_security_and_features" name="test_google_session_endpoint_removed" time="0.113" /><testcase classname="tests.test_security_and_features" name="test_lockout_after_5_failed_attempts" time="0.802" /><testcase classname="tests.test_security_and_features" name="test_backup_email_wrong_password_401" time="0.349" /><testcase classname="tests.test_security_and_features" name="test_backup_email_set_correct" time="0.361" /><testcase classname="tests.test_security_and_features" name="test_request_otp_and_rate_limit" time="1.397" /><testcase classname="tests.test_security_and_features" name="test_change_password_weak_rejected" time="0.513" /><testcase classname="tests.test_security_and_features" name="test_change_password_wrong_otp" time="0.740" /><testcase classname="tests.test_security_and_features" name="test_change_password_happy_and_restore" time="2.863" /><testcase classname="tests.test_security_and_features" name="test_teacher_slots_persist" time="0.608" /><testcase classname="tests.test_security_and_features" name="test_schedule_validation_and_all_days" time="1.625" /></testsuite></testsuites>